<?xml version="1.0" encoding="UTF-8"?>
<!-- Generated by org.testng.reporters.JUnitReportReporter -->
<testsuite skipped="0" hostname="5CG6073PXF-CSS" name="selinium.gmail.GmailCheck" tests="1" failures="0" timestamp="16 Jul 2019 10:54:37 GMT" time="25.958" errors="0">
  <testcase name="createlead" time="25.958" classname="selinium.gmail.GmailCheck"/>
</testsuite> <!-- selinium.gmail.GmailCheck -->
